<?xml version="1.0" encoding="UTF-8"?>
<!-- Generated by org.testng.reporters.JUnitXMLReporter -->
<testsuite ignored="4" hostname="INHYNSKODURU102" failures="0" tests="1" name="Default test" time="1.33" errors="0" timestamp="2025-01-29T14:58:55 IST">
  <testcase classname="testCases.TC_VideoGameApi" name="Test_DeleteVideoGame" time="1.306"/>
  <testcase classname="testCases.TC_VideoGameApi" name="Test_UpdateVideoGame" time="0.0">
    <ignored/>
  </testcase> <!-- Test_UpdateVideoGame -->
  <testcase classname="testCases.TC_VideoGameApi" name="Test_addNewVideoGame" time="0.0">
    <ignored/>
  </testcase> <!-- Test_addNewVideoGame -->
  <testcase classname="testCases.TC_VideoGameApi" name="Test_getVideoGame" time="0.0">
    <ignored/>
  </testcase> <!-- Test_getVideoGame -->
  <testcase classname="testCases.TC_VideoGameApi" name="Test_getAllVideoGames" time="0.0">
    <ignored/>
  </testcase> <!-- Test_getAllVideoGames -->
</testsuite> <!-- Default test -->
