<?xml version="1.0" encoding="UTF-8"?>
<!-- Generated by org.testng.reporters.JUnitXMLReporter -->
<testsuite ignored="0" hostname="INHYNSKODURU102" failures="0" tests="5" name="Test" time="2.579" errors="0" timestamp="2025-01-29T15:14:07 IST">
  <testcase classname="testCases.TC_VideoGameApi" name="Test_getAllVideoGames" time="1.241"/>
  <testcase classname="testCases.TC_VideoGameApi" name="Test_addNewVideoGame" time="0.417"/>
  <testcase classname="testCases.TC_VideoGameApi" name="Test_getVideoGame" time="0.755"/>
  <testcase classname="testCases.TC_VideoGameApi" name="Test_UpdateVideoGame" time="0.092"/>
  <testcase classname="testCases.TC_VideoGameApi" name="Test_DeleteVideoGame" time="0.027"/>
</testsuite> <!-- Test -->
