<?xml version="1.0" encoding="UTF-8"?>
<testsuite xmlns:xsi="http://www.w3.org/2001/XMLSchema-instance" xsi:noNamespaceSchemaLocation="https://maven.apache.org/surefire/maven-surefire-plugin/xsd/surefire-test-report.xsd" version="3.0.1" name="testCases.TC_VideoGameApi" time="6.61" tests="5" errors="0" skipped="0" failures="0">
  <properties>
[...]
</properties>
  <testcase name="Test_getAllVideoGames" classname="testCases.TC_VideoGameApi" time="1.637"/>
  <testcase name="Test_addNewVideoGame" classname="testCases.TC_VideoGameApi" time="0.315">
    <system-out><![CDATA[{"status": "Record Added Successfully"}
]]></system-out>
    <system-err><![CDATA[[Fatal Error] :1:1: Content is not allowed in prolog.
]]></system-err>
  </testcase>
  <testcase name="Test_getVideoGame" classname="testCases.TC_VideoGameApi" time="0.754">
    <system-out><![CDATA[<videoGame category="Adventure" rating="Universal">
  <id>100</id>
  <name>spider-Man</name>
  <releaseDate>2025-01-28T00:00:00+05:30</releaseDate>
  <reviewScore>12</reviewScore>
</videoGame>
]]></system-out>
  </testcase>
  <testcase name="Test_UpdateVideoGame" classname="testCases.TC_VideoGameApi" time="0.079">
    <system-out><![CDATA[<videoGame category="fantasy" rating="Global">
  <id>100</id>
  <name>Batman</name>
  <releaseDate>2025-01-28T00:00:00+05:30</releaseDate>
  <reviewScore>20</reviewScore>
</videoGame>
]]></system-out>
  </testcase>
  <testcase name="Test_DeleteVideoGame" classname="testCases.TC_VideoGameApi" time="3.024">
    <system-out><![CDATA[{"status": "Record Deleted Successfully"}
]]></system-out>
    <system-err><![CDATA[[Fatal Error] :1:1: Content is not allowed in prolog.
]]></system-err>
  </testcase>
</testsuite>