<?xml version="1.0" encoding="UTF-8"?>
<testng-results ignored="0" total="5" passed="5" failed="0" skipped="0">
  <reporter-output>
  </reporter-output>
  <suite started-at="2025-01-29T15:14:05 IST" name="Suite" finished-at="2025-01-29T15:14:07 IST" duration-ms="2579">
    <groups>
    </groups>
    <test started-at="2025-01-29T15:14:05 IST" name="Test" finished-at="2025-01-29T15:14:07 IST" duration-ms="2579">
      <class name="testCases.TC_VideoGameApi">
        <test-method signature="Test_getAllVideoGames()[pri:1, instance:testCases.TC_VideoGameApi@436813f3]" started-at="2025-01-29T15:14:05 IST" name="Test_getAllVideoGames" finished-at="2025-01-29T15:14:06 IST" duration-ms="1241" status="PASS">
          <reporter-output>
          </reporter-output>
        </test-method> <!-- Test_getAllVideoGames -->
        <test-method signature="Test_addNewVideoGame()[pri:2, instance:testCases.TC_VideoGameApi@436813f3]" started-at="2025-01-29T15:14:06 IST" name="Test_addNewVideoGame" finished-at="2025-01-29T15:14:06 IST" duration-ms="417" status="PASS">
          <reporter-output>
          </reporter-output>
        </test-method> <!-- Test_addNewVideoGame -->
        <test-method signature="Test_getVideoGame()[pri:3, instance:testCases.TC_VideoGameApi@436813f3]" started-at="2025-01-29T15:14:06 IST" name="Test_getVideoGame" finished-at="2025-01-29T15:14:07 IST" duration-ms="755" status="PASS">
          <reporter-output>
          </reporter-output>
        </test-method> <!-- Test_getVideoGame -->
        <test-method signature="Test_UpdateVideoGame()[pri:4, instance:testCases.TC_VideoGameApi@436813f3]" started-at="2025-01-29T15:14:07 IST" name="Test_UpdateVideoGame" finished-at="2025-01-29T15:14:07 IST" duration-ms="92" status="PASS">
          <reporter-output>
          </reporter-output>
        </test-method> <!-- Test_UpdateVideoGame -->
        <test-method signature="Test_DeleteVideoGame()[pri:5, instance:testCases.TC_VideoGameApi@436813f3]" started-at="2025-01-29T15:14:07 IST" name="Test_DeleteVideoGame" finished-at="2025-01-29T15:14:07 IST" duration-ms="27" status="PASS">
          <reporter-output>
          </reporter-output>
        </test-method> <!-- Test_DeleteVideoGame -->
      </class> <!-- testCases.TC_VideoGameApi -->
    </test> <!-- Test -->
  </suite> <!-- Suite -->
</testng-results>
